Activating service name='org.gnome.GConf'
Successfully activated service 'org.gnome.GConf'
Activating service name='org.freedesktop.Notifications'
Successfully activated service 'org.freedesktop.Notifications'
Activating service name='com.canonical.Unity.Scope.Home'
Successfully activated service 'com.canonical.Unity.Scope.Home'
Activating service name='com.canonical.Unity.Scope.Applications'
Activating service name='com.canonical.Unity.Scope.LocalFiles'
Successfully activated service 'com.canonical.Unity.Scope.LocalFiles'
Successfully activated service 'com.canonical.Unity.Scope.Applications'
Activating service name='org.gtk.vfs.Metadata'
Successfully activated service 'org.gtk.vfs.Metadata'
Activating service name='org.gnome.Screenshot'
Successfully activated service 'org.gnome.Screenshot'
Activating service name='com.canonical.Unity.Scope.Music'
Successfully activated service 'com.canonical.Unity.Scope.Music'
Activating service name='org.gnome.gedit'
Successfully activated service 'org.gnome.gedit'
Reloaded configuration
Reloaded configuration
Activating service name='org.gnome.gedit'
Successfully activated service 'org.gnome.gedit'
Activating service name='org.gnome.Screenshot'
Successfully activated service 'org.gnome.Screenshot'
Activating service name='org.gnome.gedit'
Successfully activated service 'org.gnome.gedit'
Activating service name='org.gnome.gedit'
Successfully activated service 'org.gnome.gedit'
Activating service name='org.gnome.Screenshot'
Successfully activated service 'org.gnome.Screenshot'
