[31mvoid DBusMenuImporter::slotGetLayoutFinished(QDBusPendingCallWatcher*)[0m: "No such interface 'com.canonical.dbusmenu' on object at path /org/ayatana/bamf/window/54555794"
[31mvoid DBusMenuImporter::slotGetLayoutFinished(QDBusPendingCallWatcher*)[0m: "No such interface 'com.canonical.dbusmenu' on object at path /org/ayatana/bamf/window/79691777"
QCoreApplication::postEvent: Unexpected null receiver
[31mvoid DBusMenuImporter::slotGetLayoutFinished(QDBusPendingCallWatcher*)[0m: "No such interface 'com.canonical.dbusmenu' on object at path /org/ayatana/bamf/window/81789222"
[31mvoid DBusMenuImporter::slotGetLayoutFinished(QDBusPendingCallWatcher*)[0m: "No such interface 'com.canonical.dbusmenu' on object at path /org/ayatana/bamf/window/58720312"
[31mvoid DBusMenuImporter::slotGetLayoutFinished(QDBusPendingCallWatcher*)[0m: "No such interface 'com.canonical.dbusmenu' on object at path /com/canonical/menu/3800038"
[31mvoid DBusMenuImporter::slotGetLayoutFinished(QDBusPendingCallWatcher*)[0m: "No such interface 'com.canonical.dbusmenu' on object at path /com/canonical/menu/3800038"
[31mvoid DBusMenuImporter::slotGetLayoutFinished(QDBusPendingCallWatcher*)[0m: "No such interface 'com.canonical.dbusmenu' on object at path /com/canonical/menu/3800038"
[31mvoid DBusMenuImporter::slotGetLayoutFinished(QDBusPendingCallWatcher*)[0m: "No such interface 'com.canonical.dbusmenu' on object at path /com/canonical/menu/3800038"
[31mvoid DBusMenuImporter::slotGetLayoutFinished(QDBusPendingCallWatcher*)[0m: "No such interface 'com.canonical.dbusmenu' on object at path /com/canonical/menu/3800038"
[31mvoid DBusMenuImporter::slotGetLayoutFinished(QDBusPendingCallWatcher*)[0m: "No such interface 'com.canonical.dbusmenu' on object at path /com/canonical/menu/3800038"
[31mvoid DBusMenuImporter::slotGetLayoutFinished(QDBusPendingCallWatcher*)[0m: "No such interface 'com.canonical.dbusmenu' on object at path /com/canonical/menu/3800038"
[31mvoid DBusMenuImporter::slotGetLayoutFinished(QDBusPendingCallWatcher*)[0m: "No such interface 'com.canonical.dbusmenu' on object at path /com/canonical/menu/3800038"
[31mvoid DBusMenuImporter::slotGetLayoutFinished(QDBusPendingCallWatcher*)[0m: "No such interface 'com.canonical.dbusmenu' on object at path /com/canonical/menu/380003A"
[31mvoid DBusMenuImporter::slotGetLayoutFinished(QDBusPendingCallWatcher*)[0m: "No such interface 'com.canonical.dbusmenu' on object at path /org/ayatana/bamf/window/77596431"
[31mvoid DBusMenuImporter::slotGetLayoutFinished(QDBusPendingCallWatcher*)[0m: "No such interface 'com.canonical.dbusmenu' on object at path /org/ayatana/bamf/window/77607305"
[31mvoid DBusMenuImporter::slotGetLayoutFinished(QDBusPendingCallWatcher*)[0m: "No such interface 'com.canonical.dbusmenu' on object at path /org/ayatana/bamf/window/54556200"
[31mvoid DBusMenuImporter::slotGetLayoutFinished(QDBusPendingCallWatcher*)[0m: "No such interface 'com.canonical.dbusmenu' on object at path /org/ayatana/bamf/window/54558920"
[31mvoid DBusMenuImporter::slotGetLayoutFinished(QDBusPendingCallWatcher*)[0m: "No such interface 'com.canonical.dbusmenu' on object at path /com/canonical/menu/3800072"
[31mvoid DBusMenuImporter::slotGetLayoutFinished(QDBusPendingCallWatcher*)[0m: "No such interface 'com.canonical.dbusmenu' on object at path /org/ayatana/bamf/window/79691783"
[31mvoid DBusMenuImporter::slotGetLayoutFinished(QDBusPendingCallWatcher*)[0m: "No such interface 'com.canonical.dbusmenu' on object at path /com/canonical/menu/3800078"
[31mvoid DBusMenuImporter::slotGetLayoutFinished(QDBusPendingCallWatcher*)[0m: "No such interface 'com.canonical.dbusmenu' on object at path /com/canonical/menu/3800080"
[31mvoid DBusMenuImporter::slotGetLayoutFinished(QDBusPendingCallWatcher*)[0m: "The ID supplied 5 does not refer to a menu item we have"
[31mvoid DBusMenuImporter::slotGetLayoutFinished(QDBusPendingCallWatcher*)[0m: "The ID supplied 6 does not refer to a menu item we have"
[31mvoid DBusMenuImporter::slotGetLayoutFinished(QDBusPendingCallWatcher*)[0m: "The ID supplied 7 does not refer to a menu item we have"
[31mvoid DBusMenuImporter::slotGetLayoutFinished(QDBusPendingCallWatcher*)[0m: "The ID supplied 8 does not refer to a menu item we have"
[31mvoid DBusMenuImporter::slotGetLayoutFinished(QDBusPendingCallWatcher*)[0m: "The ID supplied 9 does not refer to a menu item we have"
[31mvoid DBusMenuImporter::slotGetLayoutFinished(QDBusPendingCallWatcher*)[0m: "No such interface 'com.canonical.dbusmenu' on object at path /org/ayatana/bamf/window/85983245"
[31mvoid DBusMenuImporter::slotGetLayoutFinished(QDBusPendingCallWatcher*)[0m: "No such interface 'com.canonical.dbusmenu' on object at path /com/canonical/menu/380009D"
[31mvoid DBusMenuImporter::slotGetLayoutFinished(QDBusPendingCallWatcher*)[0m: "No such interface 'com.canonical.dbusmenu' on object at path /org/ayatana/bamf/window/77594756"
[31mvoid DBusMenuImporter::slotGetLayoutFinished(QDBusPendingCallWatcher*)[0m: "No such interface 'com.canonical.dbusmenu' on object at path /org/ayatana/bamf/window/54560649"
[31mvoid DBusMenuImporter::slotGetLayoutFinished(QDBusPendingCallWatcher*)[0m: "No such interface 'com.canonical.dbusmenu' on object at path /org/ayatana/bamf/window/54560836"
[31mvoid DBusMenuImporter::slotGetLayoutFinished(QDBusPendingCallWatcher*)[0m: "No such interface 'com.canonical.dbusmenu' on object at path /org/ayatana/bamf/window/77603028"
[31mvoid DBusMenuImporter::slotGetLayoutFinished(QDBusPendingCallWatcher*)[0m: "No such interface 'com.canonical.dbusmenu' on object at path /org/ayatana/bamf/window/54561496"
[31mvoid DBusMenuImporter::slotGetLayoutFinished(QDBusPendingCallWatcher*)[0m: "No such interface 'com.canonical.dbusmenu' on object at path /org/ayatana/bamf/window/54563277"
[31mvoid DBusMenuImporter::slotGetLayoutFinished(QDBusPendingCallWatcher*)[0m: "No such interface 'com.canonical.dbusmenu' on object at path /org/ayatana/bamf/window/77600939"
[31mvoid DBusMenuImporter::slotGetLayoutFinished(QDBusPendingCallWatcher*)[0m: "No such interface 'com.canonical.dbusmenu' on object at path /com/canonical/menu/38000FD"
[31mvoid DBusMenuImporter::slotGetLayoutFinished(QDBusPendingCallWatcher*)[0m: "No such interface 'com.canonical.dbusmenu' on object at path /com/canonical/menu/38000FD"
[31mvoid DBusMenuImporter::slotGetLayoutFinished(QDBusPendingCallWatcher*)[0m: "No such interface 'com.canonical.dbusmenu' on object at path /com/canonical/menu/38000FE"
[31mvoid DBusMenuImporter::slotGetLayoutFinished(QDBusPendingCallWatcher*)[0m: "No such interface 'com.canonical.dbusmenu' on object at path /org/ayatana/bamf/window/85983740"
