Looking for git in: git
Using git 2.7.4 from git
> git rev-parse --show-toplevel
fatal: Not a git repository (or any of the parent directories): .git
> git rev-parse --show-toplevel
> git config --get commit.template
Open repository: /home/pavithra/Pramati
> git fetch
> git status -z -u
> git rev-parse --show-toplevel
> git rev-parse --show-toplevel
> git rev-parse --show-toplevel
> git rev-parse --show-toplevel
> git rev-parse --show-toplevel
> git rev-parse --show-toplevel
> git symbolic-ref --short HEAD
fatal: Not a git repository (or any of the parent directories): .git
> git rev-parse --show-toplevel
> git rev-parse master
fatal: Not a git repository (or any of the parent directories): .git
> git rev-parse --show-toplevel
> git rev-parse --show-toplevel
> git rev-parse --show-toplevel
> git rev-parse --symbolic-full-name master@{u}
fatal: Not a git repository (or any of the parent directories): .git
> git rev-parse --show-toplevel
> git rev-parse --show-toplevel
> git rev-parse --show-toplevel
> git rev-list --left-right master...refs/remotes/origin/master
fatal: Not a git repository (or any of the parent directories): .git
> git rev-parse --show-toplevel
> git for-each-ref --format %(refname) %(objectname) --sort -committerdate
> git remote --verbose
fatal: Not a git repository (or any of the parent directories): .git
> git rev-parse --show-toplevel
fatal: Not a git repository (or any of the parent directories): .git
> git rev-parse --show-toplevel
fatal: Not a git repository (or any of the parent directories): .git
> git rev-parse --show-toplevel
fatal: Not a git repository (or any of the parent directories): .git
> git rev-parse --show-toplevel
fatal: Not a git repository (or any of the parent directories): .git
> git rev-parse --show-toplevel
> git rev-parse --show-toplevel
> git rev-parse --show-toplevel
> git rev-parse --show-toplevel
fatal: Not a git repository (or any of the parent directories): .git
> git rev-parse --show-toplevel
> git rev-parse --show-toplevel
> git rev-parse --show-toplevel
> git rev-parse --show-toplevel
fatal: Not a git repository (or any of the parent directories): .git
> git rev-parse --show-toplevel
fatal: Not a git repository (or any of the parent directories): .git
> git rev-parse --show-toplevel
fatal: Not a git repository (or any of the parent directories): .git
> git rev-parse --show-toplevel
fatal: Not a git repository (or any of the parent directories): .git
> git rev-parse --show-toplevel
fatal: Not a git repository (or any of the parent directories): .git
> git rev-parse --show-toplevel
> git show :training/colors.md
fatal: Not a git repository (or any of the parent directories): .git
> git rev-parse --show-toplevel
> git rev-parse --show-toplevel
> git rev-parse --show-toplevel
fatal: Not a git repository (or any of the parent directories): .git
> git rev-parse --show-toplevel
fatal: Not a git repository (or any of the parent directories): .git
> git rev-parse --show-toplevel
> git config --get commit.template
Open repository: /home/pavithra/dummy
> git fetch
> git status -z -u
> git rev-parse --show-toplevel
> git rev-parse --show-toplevel
> git rev-parse --show-toplevel
> git rev-parse --show-toplevel
> git rev-parse --show-toplevel
> git rev-parse --show-toplevel
> git rev-parse --show-toplevel
> git rev-parse --show-toplevel
> git rev-parse --show-toplevel
> git rev-parse --show-toplevel
> git symbolic-ref --short HEAD
> git check-ignore -z --stdin
> git rev-parse master
> git rev-parse --symbolic-full-name master@{u}
> git rev-list --left-right master...refs/remotes/origin/master
> git for-each-ref --format %(refname) %(objectname) --sort -committerdate
> git remote --verbose
> git check-ignore -z --stdin
> git check-ignore -z --stdin
> git show :training/colors.md
> git status -z -u
> git symbolic-ref --short HEAD
> git rev-parse master
> git rev-parse --symbolic-full-name master@{u}
> git rev-list --left-right master...refs/remotes/origin/master
> git for-each-ref --format %(refname) %(objectname) --sort -committerdate
> git remote --verbose
> git status -z -u
> git symbolic-ref --short HEAD
> git rev-parse master
> git rev-parse --symbolic-full-name master@{u}
> git rev-list --left-right master...refs/remotes/origin/master
> git for-each-ref --format %(refname) %(objectname) --sort -committerdate
> git remote --verbose
> git show :training/colors.html
> git fetch
> git fetch
> git status -z -u
> git status -z -u
> git symbolic-ref --short HEAD
> git symbolic-ref --short HEAD
> git rev-parse master
> git rev-parse master
> git rev-parse --symbolic-full-name master@{u}
> git rev-parse --symbolic-full-name master@{u}
> git rev-list --left-right master...refs/remotes/origin/master
> git rev-list --left-right master...refs/remotes/origin/master
> git for-each-ref --format %(refname) %(objectname) --sort -committerdate
> git remote --verbose
> git for-each-ref --format %(refname) %(objectname) --sort -committerdate
> git remote --verbose
> git fetch
> git fetch
> git status -z -u
> git symbolic-ref --short HEAD
> git rev-parse master
> git rev-parse --symbolic-full-name master@{u}
> git status -z -u
> git rev-list --left-right master...refs/remotes/origin/master
> git symbolic-ref --short HEAD
> git for-each-ref --format %(refname) %(objectname) --sort -committerdate
> git remote --verbose
> git rev-parse master
> git rev-parse --symbolic-full-name master@{u}
> git rev-list --left-right master...refs/remotes/origin/master
> git for-each-ref --format %(refname) %(objectname) --sort -committerdate
> git remote --verbose
> git fetch
> git fetch
> git status -z -u
> git status -z -u
> git symbolic-ref --short HEAD
> git symbolic-ref --short HEAD
> git rev-parse master
> git rev-parse master
> git rev-parse --symbolic-full-name master@{u}
> git rev-parse --symbolic-full-name master@{u}
> git rev-list --left-right master...refs/remotes/origin/master
> git rev-list --left-right master...refs/remotes/origin/master
> git for-each-ref --format %(refname) %(objectname) --sort -committerdate
> git remote --verbose
> git for-each-ref --format %(refname) %(objectname) --sort -committerdate
> git remote --verbose
> git fetch
> git fetch
> git status -z -u
> git symbolic-ref --short HEAD
> git rev-parse master
> git rev-parse --symbolic-full-name master@{u}
> git rev-list --left-right master...refs/remotes/origin/master
> git for-each-ref --format %(refname) %(objectname) --sort -committerdate
> git remote --verbose
> git status -z -u
> git symbolic-ref --short HEAD
> git rev-parse master
> git rev-parse --symbolic-full-name master@{u}
> git rev-list --left-right master...refs/remotes/origin/master
> git for-each-ref --format %(refname) %(objectname) --sort -committerdate
> git remote --verbose
> git fetch
> git fetch
> git status -z -u
> git symbolic-ref --short HEAD
> git rev-parse master
> git rev-parse --symbolic-full-name master@{u}
> git rev-list --left-right master...refs/remotes/origin/master
> git for-each-ref --format %(refname) %(objectname) --sort -committerdate
> git remote --verbose
> git status -z -u
> git symbolic-ref --short HEAD
> git rev-parse master
> git rev-parse --symbolic-full-name master@{u}
> git rev-list --left-right master...refs/remotes/origin/master
> git for-each-ref --format %(refname) %(objectname) --sort -committerdate
> git remote --verbose
> git pull --tags origin master
From https://github.com/pavithra-ram/Pramati
 * branch            master     -> FETCH_HEAD
> git push origin master:master
To https://github.com/pavithra-ram/Pramati
   3df7513..4406c1e  master -> master
> git status -z -u
> git symbolic-ref --short HEAD
> git rev-parse master
> git rev-parse --symbolic-full-name master@{u}
> git rev-list --left-right master...refs/remotes/origin/master
> git for-each-ref --format %(refname) %(objectname) --sort -committerdate
> git remote --verbose
> git fetch
> git fetch
> git status -z -u
> git symbolic-ref --short HEAD
> git rev-parse master
> git status -z -u
> git rev-parse --symbolic-full-name master@{u}
> git symbolic-ref --short HEAD
> git rev-list --left-right master...refs/remotes/origin/master
> git rev-parse master
> git for-each-ref --format %(refname) %(objectname) --sort -committerdate
> git remote --verbose
> git rev-parse --symbolic-full-name master@{u}
> git rev-list --left-right master...refs/remotes/origin/master
> git for-each-ref --format %(refname) %(objectname) --sort -committerdate
> git remote --verbose
> git check-ignore -z --stdin
> git check-ignore -z --stdin
> git fetch
> git fetch
> git status -z -u
> git symbolic-ref --short HEAD
> git rev-parse master
> git rev-parse --symbolic-full-name master@{u}
> git rev-list --left-right master...refs/remotes/origin/master
> git for-each-ref --format %(refname) %(objectname) --sort -committerdate
> git remote --verbose
> git status -z -u
> git symbolic-ref --short HEAD
> git rev-parse master
> git rev-parse --symbolic-full-name master@{u}
> git rev-list --left-right master...refs/remotes/origin/master
> git for-each-ref --format %(refname) %(objectname) --sort -committerdate
> git remote --verbose
> git fetch
> git fetch
> git status -z -u
> git symbolic-ref --short HEAD
> git rev-parse master
> git rev-parse --symbolic-full-name master@{u}
> git rev-list --left-right master...refs/remotes/origin/master
> git for-each-ref --format %(refname) %(objectname) --sort -committerdate
> git remote --verbose
From https://github.com/pavithra-ram/Pramati
   4406c1e..2a70535  master     -> origin/master
> git status -z -u
> git symbolic-ref --short HEAD
> git rev-parse master
> git rev-parse --symbolic-full-name master@{u}
> git rev-list --left-right master...refs/remotes/origin/master
> git for-each-ref --format %(refname) %(objectname) --sort -committerdate
> git remote --verbose
> git pull --tags origin master
From https://github.com/pavithra-ram/Pramati
 * branch            master     -> FETCH_HEAD
> git status -z -u
> git symbolic-ref --short HEAD
> git rev-parse master
> git rev-parse --symbolic-full-name master@{u}
> git rev-list --left-right master...refs/remotes/origin/master
> git for-each-ref --format %(refname) %(objectname) --sort -committerdate
> git remote --verbose
> git fetch
> git fetch
> git status -z -u
> git symbolic-ref --short HEAD
> git rev-parse master
> git rev-parse --symbolic-full-name master@{u}
> git rev-list --left-right master...refs/remotes/origin/master
> git for-each-ref --format %(refname) %(objectname) --sort -committerdate
> git remote --verbose
From https://github.com/pavithra-ram/Pramati
   2a70535..62b6698  master     -> origin/master
> git status -z -u
> git symbolic-ref --short HEAD
> git rev-parse master
> git rev-parse --symbolic-full-name master@{u}
> git rev-list --left-right master...refs/remotes/origin/master
> git for-each-ref --format %(refname) %(objectname) --sort -committerdate
> git remote --verbose
